0 info it worked if it ends with ok
1 verbose cli [ '/usr/local/bin/node', '/usr/local/bin/npm', 'start' ]
2 info using npm@4.1.1
3 info using node@v6.1.0
4 verbose run-script [ 'prestart', 'start', 'poststart' ]
5 info lifecycle postCSS-tutorial@0.0.1~prestart: postCSS-tutorial@0.0.1
6 silly lifecycle postCSS-tutorial@0.0.1~prestart: no script for prestart, continuing
7 info lifecycle postCSS-tutorial@0.0.1~start: postCSS-tutorial@0.0.1
8 verbose lifecycle postCSS-tutorial@0.0.1~start: unsafe-perm in lifecycle true
9 verbose lifecycle postCSS-tutorial@0.0.1~start: PATH: /usr/local/lib/node_modules/npm/bin/node-gyp-bin:/Users/bflowers/Projects/headwinds/site/hoth/echobase/node_modules/.bin:/Library/Frameworks/Python.framework/Versions/3.6/bin:/usr/local/bin:/usr/bin:/bin:/usr/sbin:/sbin
10 verbose lifecycle postCSS-tutorial@0.0.1~start: CWD: /Users/bflowers/Projects/headwinds/site/hoth/echobase
11 silly lifecycle postCSS-tutorial@0.0.1~start: Args: [ '-c', 'node ./scripts/start.js' ]
12 silly lifecycle postCSS-tutorial@0.0.1~start: Returned: code: 1  signal: null
13 info lifecycle postCSS-tutorial@0.0.1~start: Failed to exec start script
14 verbose stack Error: postCSS-tutorial@0.0.1 start: `node ./scripts/start.js`
14 verbose stack Exit status 1
14 verbose stack     at EventEmitter.<anonymous> (/usr/local/lib/node_modules/npm/lib/utils/lifecycle.js:279:16)
14 verbose stack     at emitTwo (events.js:106:13)
14 verbose stack     at EventEmitter.emit (events.js:191:7)
14 verbose stack     at ChildProcess.<anonymous> (/usr/local/lib/node_modules/npm/lib/utils/spawn.js:40:14)
14 verbose stack     at emitTwo (events.js:106:13)
14 verbose stack     at ChildProcess.emit (events.js:191:7)
14 verbose stack     at maybeClose (internal/child_process.js:850:16)
14 verbose stack     at Process.ChildProcess._handle.onexit (internal/child_process.js:215:5)
15 verbose pkgid postCSS-tutorial@0.0.1
16 verbose cwd /Users/bflowers/Projects/headwinds/site/hoth/echobase
17 error Darwin 15.6.0
18 error argv "/usr/local/bin/node" "/usr/local/bin/npm" "start"
19 error node v6.1.0
20 error npm  v4.1.1
21 error code ELIFECYCLE
22 error postCSS-tutorial@0.0.1 start: `node ./scripts/start.js`
22 error Exit status 1
23 error Failed at the postCSS-tutorial@0.0.1 start script 'node ./scripts/start.js'.
23 error Make sure you have the latest version of node.js and npm installed.
23 error If you do, this is most likely a problem with the postCSS-tutorial package,
23 error not with npm itself.
23 error Tell the author that this fails on your system:
23 error     node ./scripts/start.js
23 error You can get information on how to open an issue for this project with:
23 error     npm bugs postCSS-tutorial
23 error Or if that isn't available, you can get their info via:
23 error     npm owner ls postCSS-tutorial
23 error There is likely additional logging output above.
24 verbose exit [ 1, true ]
